<?xml version="1.0" encoding="UTF-8"?>
<!-- Generated by org.testng.reporters.JUnitReportReporter -->
<testsuite skipped="0" hostname="DESKTOP-ITC56TJ" name="com.demo.pak1.sample" tests="1" failures="0" timestamp="23 Apr 2020 10:09:50 GMT" time="0.049" errors="0">
  <testcase name="f" time="0.049" classname="com.demo.pak1.sample"/>
</testsuite> <!-- com.demo.pak1.sample -->
