<?xml version="1.0" encoding="UTF-8"?>
<!-- Generated by org.testng.reporters.JUnitReportReporter -->
<testsuite skipped="0" hostname="DESKTOP-ITC56TJ" name="com.demo.pak1.Accessmodifiers" tests="1" failures="0" timestamp="23 Apr 2020 09:26:28 GMT" time="0.030" errors="0">
  <testcase name="f" time="0.030" classname="com.demo.pak1.Accessmodifiers"/>
</testsuite> <!-- com.demo.pak1.Accessmodifiers -->
