<?xml version="1.0" encoding="UTF-8"?>
<!-- Generated by org.testng.reporters.JUnitReportReporter -->
<testsuite skipped="0" hostname="DESKTOP-ITC56TJ" name="com.demo.pak1.AccessModifierClass2Test" tests="1" failures="0" timestamp="23 Apr 2020 09:59:30 GMT" time="0.032" errors="0">
  <testcase name="f" time="0.032" classname="com.demo.pak1.AccessModifierClass2Test"/>
</testsuite> <!-- com.demo.pak1.AccessModifierClass2Test -->
